0 info it worked if it ends with ok
1 verbose cli [ 'C:\\Program Files\\nodejs\\node.exe',
1 verbose cli   'C:\\Program Files\\nodejs\\node_modules\\npm\\bin\\npm-cli.js',
1 verbose cli   'install' ]
2 info using npm@2.15.5
3 info using node@v4.4.6
4 verbose readDependencies loading dependencies from C:\Users\Julie\Dropbox\vstock\StockTrade\package.json
5 warn package.json vStock_Analytics@1.0.0 No README data
6 verbose install where, deps [ 'C:\\Users\\Julie\\Dropbox\\vstock\\StockTrade',
6 verbose install   [ 'angular',
6 verbose install     'angular-ui-router',
6 verbose install     'bcrypt-nodejs',
6 verbose install     'body-parser',
6 verbose install     'chai',
6 verbose install     'csv-parse',
6 verbose install     'express',
6 verbose install     'jsonwebtoken',
6 verbose install     'mocha',
6 verbose install     'mongoose',
6 verbose install     'morgan',
6 verbose install     'node-schedule',
6 verbose install     'open-uri',
6 verbose install     'request',
6 verbose install     'sleep' ] ]
7 verbose install where, peers [ 'C:\\Users\\Julie\\Dropbox\\vstock\\StockTrade', [] ]
8 verbose installManyTop reading for lifecycle C:\Users\Julie\Dropbox\vstock\StockTrade\package.json
9 info preinstall vStock_Analytics@1.0.0
10 verbose installManyTop reading scoped package data from C:\Users\Julie\Dropbox\vstock\StockTrade\node_modules\angular\package.json
11 verbose installManyTop reading scoped package data from C:\Users\Julie\Dropbox\vstock\StockTrade\node_modules\angular-ui-router\package.json
12 verbose installManyTop reading scoped package data from C:\Users\Julie\Dropbox\vstock\StockTrade\node_modules\bcrypt-nodejs\package.json
13 verbose installManyTop reading scoped package data from C:\Users\Julie\Dropbox\vstock\StockTrade\node_modules\body-parser\package.json
14 verbose installManyTop reading scoped package data from C:\Users\Julie\Dropbox\vstock\StockTrade\node_modules\chai\package.json
15 verbose installManyTop reading scoped package data from C:\Users\Julie\Dropbox\vstock\StockTrade\node_modules\csv-parse\package.json
16 verbose installManyTop reading scoped package data from C:\Users\Julie\Dropbox\vstock\StockTrade\node_modules\express\package.json
17 verbose installManyTop reading scoped package data from C:\Users\Julie\Dropbox\vstock\StockTrade\node_modules\jsonwebtoken\package.json
18 verbose installManyTop reading scoped package data from C:\Users\Julie\Dropbox\vstock\StockTrade\node_modules\mocha\package.json
19 verbose installManyTop reading scoped package data from C:\Users\Julie\Dropbox\vstock\StockTrade\node_modules\mongoose\package.json
20 verbose installManyTop reading scoped package data from C:\Users\Julie\Dropbox\vstock\StockTrade\node_modules\morgan\package.json
21 verbose installManyTop reading scoped package data from C:\Users\Julie\Dropbox\vstock\StockTrade\node_modules\node-schedule\package.json
22 verbose installManyTop reading scoped package data from C:\Users\Julie\Dropbox\vstock\StockTrade\node_modules\open-uri\package.json
23 verbose installManyTop reading scoped package data from C:\Users\Julie\Dropbox\vstock\StockTrade\node_modules\request\package.json
24 info package.json mocha@2.5.3 No README data
25 info package.json node-schedule@1.1.1 No README data
26 info package.json node-schedule@1.1.1 No license field.
27 info package.json open-uri@0.4.3 No license field.
28 info package.json bcrypt-nodejs@0.0.3 No license field.
29 verbose readDependencies loading dependencies from C:\Users\Julie\Dropbox\vstock\StockTrade\package.json
30 verbose targetResolver reading package data from C:\Users\Julie\Dropbox\vstock\StockTrade\node_modules\angular\package.json
31 verbose targetResolver reading package data from C:\Users\Julie\Dropbox\vstock\StockTrade\node_modules\angular-ui-router\package.json
32 verbose targetResolver reading package data from C:\Users\Julie\Dropbox\vstock\StockTrade\node_modules\bcrypt-nodejs\package.json
33 verbose targetResolver reading package data from C:\Users\Julie\Dropbox\vstock\StockTrade\node_modules\body-parser\package.json
34 verbose targetResolver reading package data from C:\Users\Julie\Dropbox\vstock\StockTrade\node_modules\chai\package.json
35 verbose targetResolver reading package data from C:\Users\Julie\Dropbox\vstock\StockTrade\node_modules\csv-parse\package.json
36 verbose targetResolver reading package data from C:\Users\Julie\Dropbox\vstock\StockTrade\node_modules\express\package.json
37 verbose targetResolver reading package data from C:\Users\Julie\Dropbox\vstock\StockTrade\node_modules\jsonwebtoken\package.json
38 verbose targetResolver reading package data from C:\Users\Julie\Dropbox\vstock\StockTrade\node_modules\mocha\package.json
39 verbose targetResolver reading package data from C:\Users\Julie\Dropbox\vstock\StockTrade\node_modules\mongoose\package.json
40 verbose targetResolver reading package data from C:\Users\Julie\Dropbox\vstock\StockTrade\node_modules\morgan\package.json
41 verbose targetResolver reading package data from C:\Users\Julie\Dropbox\vstock\StockTrade\node_modules\node-schedule\package.json
42 verbose targetResolver reading package data from C:\Users\Julie\Dropbox\vstock\StockTrade\node_modules\open-uri\package.json
43 verbose targetResolver reading package data from C:\Users\Julie\Dropbox\vstock\StockTrade\node_modules\request\package.json
44 verbose targetResolver reading package data from C:\Users\Julie\Dropbox\vstock\StockTrade\node_modules\.bin\mocha\package.json
45 verbose targetResolver reading package data from C:\Users\Julie\Dropbox\vstock\StockTrade\node_modules\.bin\mocha.cmd\package.json
46 verbose already installed skipping chai@^3.5.0 C:\Users\Julie\Dropbox\vstock\StockTrade
47 verbose already installed skipping csv-parse@^1.1.0 C:\Users\Julie\Dropbox\vstock\StockTrade
48 verbose already installed skipping express@^4.13.4 C:\Users\Julie\Dropbox\vstock\StockTrade
49 verbose already installed skipping jsonwebtoken@^7.0.0 C:\Users\Julie\Dropbox\vstock\StockTrade
50 verbose already installed skipping mocha@^2.5.3 C:\Users\Julie\Dropbox\vstock\StockTrade
51 verbose already installed skipping mongoose@^4.4.19 C:\Users\Julie\Dropbox\vstock\StockTrade
52 verbose already installed skipping morgan@^1.7.0 C:\Users\Julie\Dropbox\vstock\StockTrade
53 verbose already installed skipping node-schedule@^1.1.0 C:\Users\Julie\Dropbox\vstock\StockTrade
54 verbose already installed skipping open-uri@^0.4.3 C:\Users\Julie\Dropbox\vstock\StockTrade
55 verbose already installed skipping request@^2.72.0 C:\Users\Julie\Dropbox\vstock\StockTrade
56 silly cache add args [ 'sleep@^3.0.1', null ]
57 verbose cache add spec sleep@^3.0.1
58 silly cache add parsed spec Result {
58 silly cache add   raw: 'sleep@^3.0.1',
58 silly cache add   scope: null,
58 silly cache add   name: 'sleep',
58 silly cache add   rawSpec: '^3.0.1',
58 silly cache add   spec: '>=3.0.1 <4.0.0',
58 silly cache add   type: 'range' }
59 silly addNamed sleep@>=3.0.1 <4.0.0
60 verbose addNamed ">=3.0.1 <4.0.0" is a valid semver range for sleep
61 silly addNameRange { name: 'sleep', range: '>=3.0.1 <4.0.0', hasData: false }
62 silly mapToRegistry name sleep
63 silly mapToRegistry using default registry
64 silly mapToRegistry registry https://registry.npmjs.org/
65 silly mapToRegistry data Result {
65 silly mapToRegistry   raw: 'sleep',
65 silly mapToRegistry   scope: null,
65 silly mapToRegistry   name: 'sleep',
65 silly mapToRegistry   rawSpec: '',
65 silly mapToRegistry   spec: 'latest',
65 silly mapToRegistry   type: 'tag' }
66 silly mapToRegistry uri https://registry.npmjs.org/sleep
67 verbose addNameRange registry:https://registry.npmjs.org/sleep not in flight; fetching
68 verbose already installed skipping angular@^1.5.7 C:\Users\Julie\Dropbox\vstock\StockTrade
69 verbose already installed skipping angular-ui-router@^0.3.1 C:\Users\Julie\Dropbox\vstock\StockTrade
70 verbose already installed skipping bcrypt-nodejs@0.0.3 C:\Users\Julie\Dropbox\vstock\StockTrade
71 verbose already installed skipping body-parser@^1.15.1 C:\Users\Julie\Dropbox\vstock\StockTrade
72 verbose request uri https://registry.npmjs.org/sleep
73 verbose request no auth needed
74 info attempt registry request try #1 at 3:25:17 PM
75 verbose request id 357962ea3a88f372
76 verbose etag "8IEFEDYWYB38NP701Z30947N8"
77 http request GET https://registry.npmjs.org/sleep
78 http 304 https://registry.npmjs.org/sleep
79 verbose headers { date: 'Sat, 25 Jun 2016 22:25:15 GMT',
79 verbose headers   via: '1.1 varnish',
79 verbose headers   'cache-control': 'max-age=300',
79 verbose headers   etag: '"8IEFEDYWYB38NP701Z30947N8"',
79 verbose headers   age: '0',
79 verbose headers   connection: 'keep-alive',
79 verbose headers   'x-served-by': 'cache-lax1421-LAX',
79 verbose headers   'x-cache': 'HIT',
79 verbose headers   'x-cache-hits': '1',
79 verbose headers   'x-timer': 'S1466893515.470459,VS0,VE43',
79 verbose headers   vary: 'Accept-Encoding' }
80 silly get cb [ 304,
80 silly get   { date: 'Sat, 25 Jun 2016 22:25:15 GMT',
80 silly get     via: '1.1 varnish',
80 silly get     'cache-control': 'max-age=300',
80 silly get     etag: '"8IEFEDYWYB38NP701Z30947N8"',
80 silly get     age: '0',
80 silly get     connection: 'keep-alive',
80 silly get     'x-served-by': 'cache-lax1421-LAX',
80 silly get     'x-cache': 'HIT',
80 silly get     'x-cache-hits': '1',
80 silly get     'x-timer': 'S1466893515.470459,VS0,VE43',
80 silly get     vary: 'Accept-Encoding' } ]
81 verbose etag https://registry.npmjs.org/sleep from cache
82 verbose get saving sleep to C:\Users\Julie\AppData\Roaming\npm-cache\registry.npmjs.org\sleep\.cache.json
83 verbose correctMkdir C:\Users\Julie\AppData\Roaming\npm-cache correctMkdir not in flight; initializing
84 silly addNameRange number 2 { name: 'sleep', range: '>=3.0.1 <4.0.0', hasData: true }
85 silly addNameRange versions [ 'sleep',
85 silly addNameRange   [ '1.0.0',
85 silly addNameRange     '1.0.1',
85 silly addNameRange     '1.0.2',
85 silly addNameRange     '1.1.0',
85 silly addNameRange     '1.1.1',
85 silly addNameRange     '1.1.2',
85 silly addNameRange     '1.1.3',
85 silly addNameRange     '1.1.4',
85 silly addNameRange     '1.1.5',
85 silly addNameRange     '1.1.6',
85 silly addNameRange     '1.1.7',
85 silly addNameRange     '1.1.8',
85 silly addNameRange     '1.2.0',
85 silly addNameRange     '2.0.0',
85 silly addNameRange     '3.0.0',
85 silly addNameRange     '3.0.1' ] ]
86 silly addNamed sleep@3.0.1
87 verbose addNamed "3.0.1" is a plain semver version for sleep
88 silly cache afterAdd sleep@3.0.1
89 verbose afterAdd C:\Users\Julie\AppData\Roaming\npm-cache\sleep\3.0.1\package\package.json not in flight; writing
90 verbose correctMkdir C:\Users\Julie\AppData\Roaming\npm-cache correctMkdir not in flight; initializing
91 verbose afterAdd C:\Users\Julie\AppData\Roaming\npm-cache\sleep\3.0.1\package\package.json written
92 silly install resolved [ { name: 'sleep',
92 silly install resolved     version: '3.0.1',
92 silly install resolved     main: 'index.js',
92 silly install resolved     description: 'Add sleep() and usleep() to nodejs',
92 silly install resolved     homepage: 'http://github.com/ErikDubbelboer/node-sleep',
92 silly install resolved     author: { name: 'Erik Dubbelboer', email: 'erik@dubbelboer.com' },
92 silly install resolved     license: 'MIT',
92 silly install resolved     engines: { node: '>=0.4.0' },
92 silly install resolved     keywords: [ 'sleep', 'usleep' ],
92 silly install resolved     repository:
92 silly install resolved      { type: 'git',
92 silly install resolved        url: 'git+https://github.com/ErikDubbelboer/node-sleep.git' },
92 silly install resolved     dependencies: { nan: '>=2.0.0' },
92 silly install resolved     gypfile: true,
92 silly install resolved     scripts: { install: 'node-gyp rebuild' },
92 silly install resolved     gitHead: 'd4824c0466f893d0142c6715acd36c47bf87fac9',
92 silly install resolved     bugs: { url: 'https://github.com/ErikDubbelboer/node-sleep/issues' },
92 silly install resolved     _id: 'sleep@3.0.1',
92 silly install resolved     _shasum: 'be4d17c579360e07e04ed8172ba2b10a69054df3',
92 silly install resolved     _from: 'sleep@>=3.0.1 <4.0.0',
92 silly install resolved     _npmVersion: '2.14.12',
92 silly install resolved     _nodeVersion: '4.2.4',
92 silly install resolved     _npmUser: { name: 'erikdubbelboer', email: 'erik@dubbelboer.com' },
92 silly install resolved     maintainers: [ [Object] ],
92 silly install resolved     dist:
92 silly install resolved      { shasum: 'be4d17c579360e07e04ed8172ba2b10a69054df3',
92 silly install resolved        tarball: 'https://registry.npmjs.org/sleep/-/sleep-3.0.1.tgz' },
92 silly install resolved     _npmOperationalInternal:
92 silly install resolved      { host: 'packages-6-west.internal.npmjs.com',
92 silly install resolved        tmp: 'tmp/sleep-3.0.1.tgz_1454489151975_0.026494406163692474' },
92 silly install resolved     directories: {},
92 silly install resolved     _resolved: 'https://registry.npmjs.org/sleep/-/sleep-3.0.1.tgz',
92 silly install resolved     readme: 'ERROR: No README data found!' } ]
93 info install sleep@3.0.1 into C:\Users\Julie\Dropbox\vstock\StockTrade
94 info installOne sleep@3.0.1
95 verbose installOne of sleep to C:\Users\Julie\Dropbox\vstock\StockTrade not in flight; installing
96 verbose correctMkdir C:\Users\Julie\AppData\Roaming\npm-cache\_locks correctMkdir not in flight; initializing
97 verbose lock using C:\Users\Julie\AppData\Roaming\npm-cache\_locks\sleep-c533965d3077c578.lock for C:\Users\Julie\Dropbox\vstock\StockTrade\node_modules\sleep
98 silly install write writing sleep 3.0.1 to C:\Users\Julie\Dropbox\vstock\StockTrade\node_modules\sleep
99 verbose unbuild node_modules\sleep
100 silly gentlyRm C:\Users\Julie\Dropbox\vstock\StockTrade\node_modules\sleep is being purged from base C:\Users\Julie\Dropbox\vstock\StockTrade
101 verbose gentlyRm don't care about contents; nuking C:\Users\Julie\Dropbox\vstock\StockTrade\node_modules\sleep
102 verbose tar unpack C:\Users\Julie\AppData\Roaming\npm-cache\sleep\3.0.1\package.tgz
103 verbose tar unpacking to C:\Users\Julie\Dropbox\vstock\StockTrade\node_modules\sleep
104 silly gentlyRm C:\Users\Julie\Dropbox\vstock\StockTrade\node_modules\sleep is being purged
105 verbose gentlyRm don't care about contents; nuking C:\Users\Julie\Dropbox\vstock\StockTrade\node_modules\sleep
106 silly gunzTarPerm modes [ '777', '666' ]
107 silly gunzTarPerm extractEntry package.json
108 silly gunzTarPerm modified mode [ 'package.json', 436, 438 ]
109 silly gunzTarPerm extractEntry .npmignore
110 silly gunzTarPerm modified mode [ '.npmignore', 436, 438 ]
111 silly gunzTarPerm extractEntry README.md
112 silly gunzTarPerm modified mode [ 'README.md', 436, 438 ]
113 silly gunzTarPerm extractEntry index.js
114 silly gunzTarPerm modified mode [ 'index.js', 436, 438 ]
115 silly gunzTarPerm extractEntry test.js
116 silly gunzTarPerm modified mode [ 'test.js', 436, 438 ]
117 silly gunzTarPerm extractEntry LICENSE.txt
118 silly gunzTarPerm modified mode [ 'LICENSE.txt', 436, 438 ]
119 silly gunzTarPerm extractEntry binding.gyp
120 silly gunzTarPerm modified mode [ 'binding.gyp', 436, 438 ]
121 silly gunzTarPerm extractEntry sleep.cc
122 silly gunzTarPerm modified mode [ 'sleep.cc', 436, 438 ]
123 verbose write writing to C:\Users\Julie\Dropbox\vstock\StockTrade\node_modules\sleep\package.json
124 info preinstall sleep@3.0.1
125 verbose readDependencies loading dependencies from C:\Users\Julie\Dropbox\vstock\StockTrade\node_modules\sleep\package.json
126 silly prepareForInstallMany adding nan@>=2.0.0 from sleep dependencies
127 verbose readDependencies loading dependencies from C:\Users\Julie\Dropbox\vstock\StockTrade\node_modules\sleep\package.json
128 silly cache add args [ 'nan@>=2.0.0', null ]
129 verbose cache add spec nan@>=2.0.0
130 silly cache add parsed spec Result {
130 silly cache add   raw: 'nan@>=2.0.0',
130 silly cache add   scope: null,
130 silly cache add   name: 'nan',
130 silly cache add   rawSpec: '>=2.0.0',
130 silly cache add   spec: '>=2.0.0',
130 silly cache add   type: 'range' }
131 silly addNamed nan@>=2.0.0
132 verbose addNamed ">=2.0.0" is a valid semver range for nan
133 silly addNameRange { name: 'nan', range: '>=2.0.0', hasData: false }
134 silly mapToRegistry name nan
135 silly mapToRegistry using default registry
136 silly mapToRegistry registry https://registry.npmjs.org/
137 silly mapToRegistry data Result {
137 silly mapToRegistry   raw: 'nan',
137 silly mapToRegistry   scope: null,
137 silly mapToRegistry   name: 'nan',
137 silly mapToRegistry   rawSpec: '',
137 silly mapToRegistry   spec: 'latest',
137 silly mapToRegistry   type: 'tag' }
138 silly mapToRegistry uri https://registry.npmjs.org/nan
139 verbose addNameRange registry:https://registry.npmjs.org/nan not in flight; fetching
140 verbose request uri https://registry.npmjs.org/nan
141 verbose request no auth needed
142 info attempt registry request try #1 at 3:25:17 PM
143 verbose etag "12RFHNMU7CS3WJ1892HQLM0NB"
144 http request GET https://registry.npmjs.org/nan
145 http 304 https://registry.npmjs.org/nan
146 verbose headers { date: 'Sat, 25 Jun 2016 22:25:15 GMT',
146 verbose headers   via: '1.1 varnish',
146 verbose headers   'cache-control': 'max-age=300',
146 verbose headers   etag: '"12RFHNMU7CS3WJ1892HQLM0NB"',
146 verbose headers   age: '247',
146 verbose headers   connection: 'keep-alive',
146 verbose headers   'x-served-by': 'cache-lax1421-LAX',
146 verbose headers   'x-cache': 'HIT',
146 verbose headers   'x-cache-hits': '7',
146 verbose headers   'x-timer': 'S1466893515.605797,VS0,VE0',
146 verbose headers   vary: 'Accept-Encoding' }
147 silly get cb [ 304,
147 silly get   { date: 'Sat, 25 Jun 2016 22:25:15 GMT',
147 silly get     via: '1.1 varnish',
147 silly get     'cache-control': 'max-age=300',
147 silly get     etag: '"12RFHNMU7CS3WJ1892HQLM0NB"',
147 silly get     age: '247',
147 silly get     connection: 'keep-alive',
147 silly get     'x-served-by': 'cache-lax1421-LAX',
147 silly get     'x-cache': 'HIT',
147 silly get     'x-cache-hits': '7',
147 silly get     'x-timer': 'S1466893515.605797,VS0,VE0',
147 silly get     vary: 'Accept-Encoding' } ]
148 verbose etag https://registry.npmjs.org/nan from cache
149 verbose get saving nan to C:\Users\Julie\AppData\Roaming\npm-cache\registry.npmjs.org\nan\.cache.json
150 verbose correctMkdir C:\Users\Julie\AppData\Roaming\npm-cache correctMkdir not in flight; initializing
151 silly addNameRange number 2 { name: 'nan', range: '>=2.0.0', hasData: true }
152 silly addNameRange versions [ 'nan',
152 silly addNameRange   [ '0.3.0-wip',
152 silly addNameRange     '0.3.0-wip2',
152 silly addNameRange     '0.3.0',
152 silly addNameRange     '0.3.1',
152 silly addNameRange     '0.3.2',
152 silly addNameRange     '0.4.0',
152 silly addNameRange     '0.4.1',
152 silly addNameRange     '0.4.2',
152 silly addNameRange     '0.4.3',
152 silly addNameRange     '0.4.4',
152 silly addNameRange     '0.5.0',
152 silly addNameRange     '0.5.1',
152 silly addNameRange     '0.5.2',
152 silly addNameRange     '0.6.0',
152 silly addNameRange     '0.7.0',
152 silly addNameRange     '0.7.1',
152 silly addNameRange     '0.8.0',
152 silly addNameRange     '1.0.0',
152 silly addNameRange     '1.1.0',
152 silly addNameRange     '1.1.1',
152 silly addNameRange     '1.1.2',
152 silly addNameRange     '1.2.0',
152 silly addNameRange     '1.3.0',
152 silly addNameRange     '1.4.0',
152 silly addNameRange     '1.4.1',
152 silly addNameRange     '1.5.0',
152 silly addNameRange     '1.4.2',
152 silly addNameRange     '1.4.3',
152 silly addNameRange     '1.5.1',
152 silly addNameRange     '1.5.2',
152 silly addNameRange     '1.6.0',
152 silly addNameRange     '1.5.3',
152 silly addNameRange     '1.6.1',
152 silly addNameRange     '1.6.2',
152 silly addNameRange     '1.7.0',
152 silly addNameRange     '1.8.0',
152 silly addNameRange     '1.8.1',
152 silly addNameRange     '1.8.2',
152 silly addNameRange     '1.8.3',
152 silly addNameRange     '1.8.4',
152 silly addNameRange     '1.9.0',
152 silly addNameRange     '2.0.0',
152 silly addNameRange     '2.0.1',
152 silly addNameRange     '2.0.2',
152 silly addNameRange     '2.0.3',
152 silly addNameRange     '2.0.4',
152 silly addNameRange     '2.0.5',
152 silly addNameRange     '2.0.6',
152 silly addNameRange     '2.0.7',
152 silly addNameRange     '2.0.8',
152 silly addNameRange     '2.0.9',
152 silly addNameRange     '2.1.0',
152 silly addNameRange     '2.2.0',
152 silly addNameRange     '2.2.1',
152 silly addNameRange     '2.3.0',
152 silly addNameRange     '2.3.1',
152 silly addNameRange     '2.3.2',
152 silly addNameRange     '2.3.3',
152 silly addNameRange     '2.3.4',
152 silly addNameRange     '2.3.5' ] ]
153 silly addNamed nan@2.3.5
154 verbose addNamed "2.3.5" is a plain semver version for nan
155 silly cache afterAdd nan@2.3.5
156 verbose afterAdd C:\Users\Julie\AppData\Roaming\npm-cache\nan\2.3.5\package\package.json not in flight; writing
157 verbose correctMkdir C:\Users\Julie\AppData\Roaming\npm-cache correctMkdir not in flight; initializing
158 verbose afterAdd C:\Users\Julie\AppData\Roaming\npm-cache\nan\2.3.5\package\package.json written
159 silly install resolved [ { name: 'nan',
159 silly install resolved     version: '2.3.5',
159 silly install resolved     description: 'Native Abstractions for Node.js: C++ header for Node 0.8 -> 6 compatibility',
159 silly install resolved     main: 'include_dirs.js',
159 silly install resolved     repository: { type: 'git', url: 'git://github.com/nodejs/nan.git' },
159 silly install resolved     scripts:
159 silly install resolved      { test: 'tap --gc --stderr test/js/*-test.js',
159 silly install resolved        'rebuild-tests': 'node-gyp rebuild --msvs_version=2013 --directory test',
159 silly install resolved        docs: 'doc/.build.sh' },
159 silly install resolved     contributors:
159 silly install resolved      [ [Object],
159 silly install resolved        [Object],
159 silly install resolved        [Object],
159 silly install resolved        [Object],
159 silly install resolved        [Object],
159 silly install resolved        [Object],
159 silly install resolved        [Object] ],
159 silly install resolved     devDependencies:
159 silly install resolved      { bindings: '~1.2.1',
159 silly install resolved        commander: '^2.8.1',
159 silly install resolved        glob: '^5.0.14',
159 silly install resolved        'node-gyp': '~3.0.1',
159 silly install resolved        tap: '~0.7.1',
159 silly install resolved        xtend: '~4.0.0' },
159 silly install resolved     license: 'MIT',
159 silly install resolved     bugs: { url: 'https://github.com/nodejs/nan/issues' },
159 silly install resolved     homepage: 'https://github.com/nodejs/nan#readme',
159 silly install resolved     _id: 'nan@2.3.5',
159 silly install resolved     _shasum: '822a0dc266290ce4cd3a12282ca3e7e364668a08',
159 silly install resolved     _resolved: 'https://registry.npmjs.org/nan/-/nan-2.3.5.tgz',
159 silly install resolved     _from: 'nan@>=2.0.0',
159 silly install resolved     _npmVersion: '3.3.6',
159 silly install resolved     _nodeVersion: '5.0.0',
159 silly install resolved     _npmUser: { name: 'kkoopa', email: 'bbyholm@abo.fi' },
159 silly install resolved     dist:
159 silly install resolved      { shasum: '822a0dc266290ce4cd3a12282ca3e7e364668a08',
159 silly install resolved        tarball: 'https://registry.npmjs.org/nan/-/nan-2.3.5.tgz' },
159 silly install resolved     maintainers: [ [Object], [Object] ],
159 silly install resolved     _npmOperationalInternal:
159 silly install resolved      { host: 'packages-12-west.internal.npmjs.com',
159 silly install resolved        tmp: 'tmp/nan-2.3.5.tgz_1464707164994_0.4295874561648816' },
159 silly install resolved     directories: {},
159 silly install resolved     readme: 'ERROR: No README data found!' } ]
160 info install nan@2.3.5 into C:\Users\Julie\Dropbox\vstock\StockTrade\node_modules\sleep
161 info installOne nan@2.3.5
162 verbose installOne of nan to C:\Users\Julie\Dropbox\vstock\StockTrade\node_modules\sleep not in flight; installing
163 verbose correctMkdir C:\Users\Julie\AppData\Roaming\npm-cache\_locks correctMkdir not in flight; initializing
164 verbose lock using C:\Users\Julie\AppData\Roaming\npm-cache\_locks\nan-efc53b9332d44eb8.lock for C:\Users\Julie\Dropbox\vstock\StockTrade\node_modules\sleep\node_modules\nan
165 silly install write writing nan 2.3.5 to C:\Users\Julie\Dropbox\vstock\StockTrade\node_modules\sleep\node_modules\nan
166 verbose unbuild node_modules\sleep\node_modules\nan
167 silly gentlyRm C:\Users\Julie\Dropbox\vstock\StockTrade\node_modules\sleep\node_modules\nan is being purged from base C:\Users\Julie\Dropbox\vstock\StockTrade
168 verbose gentlyRm don't care about contents; nuking C:\Users\Julie\Dropbox\vstock\StockTrade\node_modules\sleep\node_modules\nan
169 verbose tar unpack C:\Users\Julie\AppData\Roaming\npm-cache\nan\2.3.5\package.tgz
170 verbose tar unpacking to C:\Users\Julie\Dropbox\vstock\StockTrade\node_modules\sleep\node_modules\nan
171 silly gentlyRm C:\Users\Julie\Dropbox\vstock\StockTrade\node_modules\sleep\node_modules\nan is being purged
172 verbose gentlyRm don't care about contents; nuking C:\Users\Julie\Dropbox\vstock\StockTrade\node_modules\sleep\node_modules\nan
173 silly gunzTarPerm modes [ '777', '666' ]
174 silly gunzTarPerm extractEntry package.json
175 silly gunzTarPerm modified mode [ 'package.json', 436, 438 ]
176 silly gunzTarPerm extractEntry README.md
177 silly gunzTarPerm modified mode [ 'README.md', 436, 438 ]
178 silly gunzTarPerm extractEntry include_dirs.js
179 silly gunzTarPerm modified mode [ 'include_dirs.js', 436, 438 ]
180 silly gunzTarPerm extractEntry nan_converters.h
181 silly gunzTarPerm modified mode [ 'nan_converters.h', 436, 438 ]
182 silly gunzTarPerm extractEntry LICENSE.md
183 silly gunzTarPerm modified mode [ 'LICENSE.md', 436, 438 ]
184 silly gunzTarPerm extractEntry doc/node_misc.md
185 silly gunzTarPerm modified mode [ 'doc/node_misc.md', 436, 438 ]
186 silly gunzTarPerm extractEntry doc/asyncworker.md
187 silly gunzTarPerm modified mode [ 'doc/asyncworker.md', 436, 438 ]
188 silly gunzTarPerm extractEntry doc/callback.md
189 silly gunzTarPerm modified mode [ 'doc/callback.md', 436, 438 ]
190 silly gunzTarPerm extractEntry doc/converters.md
191 silly gunzTarPerm modified mode [ 'doc/converters.md', 436, 438 ]
192 silly gunzTarPerm extractEntry doc/errors.md
193 silly gunzTarPerm modified mode [ 'doc/errors.md', 436, 438 ]
194 silly gunzTarPerm extractEntry doc/maybe_types.md
195 silly gunzTarPerm modified mode [ 'doc/maybe_types.md', 436, 438 ]
196 silly gunzTarPerm extractEntry doc/methods.md
197 silly gunzTarPerm modified mode [ 'doc/methods.md', 436, 438 ]
198 silly gunzTarPerm extractEntry doc/new.md
199 silly gunzTarPerm modified mode [ 'doc/new.md', 436, 438 ]
200 silly gunzTarPerm extractEntry doc/buffers.md
201 silly gunzTarPerm modified mode [ 'doc/buffers.md', 436, 438 ]
202 silly gunzTarPerm extractEntry doc/object_wrappers.md
203 silly gunzTarPerm modified mode [ 'doc/object_wrappers.md', 436, 438 ]
204 silly gunzTarPerm extractEntry doc/persistent.md
205 silly gunzTarPerm modified mode [ 'doc/persistent.md', 436, 438 ]
206 silly gunzTarPerm extractEntry doc/scopes.md
207 silly gunzTarPerm modified mode [ 'doc/scopes.md', 436, 438 ]
208 silly gunzTarPerm extractEntry doc/script.md
209 silly gunzTarPerm modified mode [ 'doc/script.md', 436, 438 ]
210 silly gunzTarPerm extractEntry doc/string_bytes.md
211 silly gunzTarPerm modified mode [ 'doc/string_bytes.md', 436, 438 ]
212 silly gunzTarPerm extractEntry doc/v8_internals.md
213 silly gunzTarPerm modified mode [ 'doc/v8_internals.md', 436, 438 ]
214 silly gunzTarPerm extractEntry doc/v8_misc.md
215 silly gunzTarPerm modified mode [ 'doc/v8_misc.md', 436, 438 ]
216 silly gunzTarPerm extractEntry nan.h
217 silly gunzTarPerm modified mode [ 'nan.h', 436, 438 ]
218 silly gunzTarPerm extractEntry nan_callbacks.h
219 silly gunzTarPerm modified mode [ 'nan_callbacks.h', 436, 438 ]
220 silly gunzTarPerm extractEntry nan_callbacks_12_inl.h
221 silly gunzTarPerm modified mode [ 'nan_callbacks_12_inl.h', 436, 438 ]
222 silly gunzTarPerm extractEntry nan_callbacks_pre_12_inl.h
223 silly gunzTarPerm modified mode [ 'nan_callbacks_pre_12_inl.h', 436, 438 ]
224 silly gunzTarPerm extractEntry nan_converters_43_inl.h
225 silly gunzTarPerm modified mode [ 'nan_converters_43_inl.h', 436, 438 ]
226 silly gunzTarPerm extractEntry nan_converters_pre_43_inl.h
227 silly gunzTarPerm modified mode [ 'nan_converters_pre_43_inl.h', 436, 438 ]
228 silly gunzTarPerm extractEntry nan_implementation_12_inl.h
229 silly gunzTarPerm modified mode [ 'nan_implementation_12_inl.h', 436, 438 ]
230 silly gunzTarPerm extractEntry nan_implementation_pre_12_inl.h
231 silly gunzTarPerm modified mode [ 'nan_implementation_pre_12_inl.h', 436, 438 ]
232 silly gunzTarPerm extractEntry nan_maybe_43_inl.h
233 silly gunzTarPerm modified mode [ 'nan_maybe_43_inl.h', 436, 438 ]
234 silly gunzTarPerm extractEntry nan_maybe_pre_43_inl.h
235 silly gunzTarPerm modified mode [ 'nan_maybe_pre_43_inl.h', 436, 438 ]
236 silly gunzTarPerm extractEntry nan_new.h
237 silly gunzTarPerm modified mode [ 'nan_new.h', 436, 438 ]
238 silly gunzTarPerm extractEntry nan_object_wrap.h
239 silly gunzTarPerm modified mode [ 'nan_object_wrap.h', 436, 438 ]
240 silly gunzTarPerm extractEntry nan_persistent_12_inl.h
241 silly gunzTarPerm modified mode [ 'nan_persistent_12_inl.h', 436, 438 ]
242 silly gunzTarPerm extractEntry nan_persistent_pre_12_inl.h
243 silly gunzTarPerm modified mode [ 'nan_persistent_pre_12_inl.h', 436, 438 ]
244 silly gunzTarPerm extractEntry nan_string_bytes.h
245 silly gunzTarPerm modified mode [ 'nan_string_bytes.h', 436, 438 ]
246 silly gunzTarPerm extractEntry nan_typedarray_contents.h
247 silly gunzTarPerm modified mode [ 'nan_typedarray_contents.h', 436, 438 ]
248 silly gunzTarPerm extractEntry nan_weak.h
249 silly gunzTarPerm modified mode [ 'nan_weak.h', 436, 438 ]
250 silly gunzTarPerm extractEntry CHANGELOG.md
251 silly gunzTarPerm modified mode [ 'CHANGELOG.md', 436, 438 ]
252 silly gunzTarPerm extractEntry tools/package.json
253 silly gunzTarPerm modified mode [ 'tools/package.json', 436, 438 ]
254 silly gunzTarPerm extractEntry tools/README.md
255 silly gunzTarPerm modified mode [ 'tools/README.md', 436, 438 ]
256 silly gunzTarPerm extractEntry tools/1to2.js
257 silly gunzTarPerm modified mode [ 'tools/1to2.js', 509, 511 ]
258 verbose write writing to C:\Users\Julie\Dropbox\vstock\StockTrade\node_modules\sleep\node_modules\nan\package.json
259 info preinstall nan@2.3.5
260 verbose readDependencies loading dependencies from C:\Users\Julie\Dropbox\vstock\StockTrade\node_modules\sleep\node_modules\nan\package.json
261 verbose readDependencies loading dependencies from C:\Users\Julie\Dropbox\vstock\StockTrade\node_modules\sleep\node_modules\nan\package.json
262 silly install resolved []
263 verbose about to build C:\Users\Julie\Dropbox\vstock\StockTrade\node_modules\sleep\node_modules\nan
264 info build C:\Users\Julie\Dropbox\vstock\StockTrade\node_modules\sleep\node_modules\nan
265 info linkStuff nan@2.3.5
266 silly linkStuff nan@2.3.5 has C:\Users\Julie\Dropbox\vstock\StockTrade\node_modules\sleep\node_modules as its parent node_modules
267 verbose linkBins nan@2.3.5
268 verbose linkMans nan@2.3.5
269 verbose rebuildBundles nan@2.3.5
270 info install nan@2.3.5
271 info postinstall nan@2.3.5
272 verbose unlock done using C:\Users\Julie\AppData\Roaming\npm-cache\_locks\nan-efc53b9332d44eb8.lock for C:\Users\Julie\Dropbox\vstock\StockTrade\node_modules\sleep\node_modules\nan
273 verbose about to build C:\Users\Julie\Dropbox\vstock\StockTrade\node_modules\sleep
274 info build C:\Users\Julie\Dropbox\vstock\StockTrade\node_modules\sleep
275 info linkStuff sleep@3.0.1
276 silly linkStuff sleep@3.0.1 has C:\Users\Julie\Dropbox\vstock\StockTrade\node_modules as its parent node_modules
277 verbose linkBins sleep@3.0.1
278 verbose linkMans sleep@3.0.1
279 verbose rebuildBundles sleep@3.0.1
280 verbose rebuildBundles [ 'nan' ]
281 info install sleep@3.0.1
282 verbose unsafe-perm in lifecycle true
283 info sleep@3.0.1 Failed to exec install script
284 verbose unlock done using C:\Users\Julie\AppData\Roaming\npm-cache\_locks\sleep-c533965d3077c578.lock for C:\Users\Julie\Dropbox\vstock\StockTrade\node_modules\sleep
285 verbose stack Error: sleep@3.0.1 install: `node-gyp rebuild`
285 verbose stack Exit status 1
285 verbose stack     at EventEmitter.<anonymous> (C:\Program Files\nodejs\node_modules\npm\lib\utils\lifecycle.js:217:16)
285 verbose stack     at emitTwo (events.js:87:13)
285 verbose stack     at EventEmitter.emit (events.js:172:7)
285 verbose stack     at ChildProcess.<anonymous> (C:\Program Files\nodejs\node_modules\npm\lib\utils\spawn.js:24:14)
285 verbose stack     at emitTwo (events.js:87:13)
285 verbose stack     at ChildProcess.emit (events.js:172:7)
285 verbose stack     at maybeClose (internal/child_process.js:827:16)
285 verbose stack     at Process.ChildProcess._handle.onexit (internal/child_process.js:211:5)
286 verbose pkgid sleep@3.0.1
287 verbose cwd C:\Users\Julie\Dropbox\vstock\StockTrade
288 error Windows_NT 10.0.10586
289 error argv "C:\\Program Files\\nodejs\\node.exe" "C:\\Program Files\\nodejs\\node_modules\\npm\\bin\\npm-cli.js" "install"
290 error node v4.4.6
291 error npm  v2.15.5
292 error code ELIFECYCLE
293 error sleep@3.0.1 install: `node-gyp rebuild`
293 error Exit status 1
294 error Failed at the sleep@3.0.1 install script 'node-gyp rebuild'.
294 error This is most likely a problem with the sleep package,
294 error not with npm itself.
294 error Tell the author that this fails on your system:
294 error     node-gyp rebuild
294 error You can get information on how to open an issue for this project with:
294 error     npm bugs sleep
294 error Or if that isn't available, you can get their info via:
294 error
294 error     npm owner ls sleep
294 error There is likely additional logging output above.
295 verbose exit [ 1, true ]
296 verbose unbuild node_modules\sleep
297 info preuninstall sleep@3.0.1
298 info uninstall sleep@3.0.1
299 verbose unbuild rmStuff sleep@3.0.1 from C:\Users\Julie\Dropbox\vstock\StockTrade\node_modules
300 info postuninstall sleep@3.0.1
301 silly gentlyRm C:\Users\Julie\Dropbox\vstock\StockTrade\node_modules\sleep is being purged from base C:\Users\Julie\Dropbox\vstock\StockTrade
302 verbose gentlyRm don't care about contents; nuking C:\Users\Julie\Dropbox\vstock\StockTrade\node_modules\sleep
303 silly vacuum-fs purging C:\Users\Julie\Dropbox\vstock\StockTrade\node_modules\sleep
304 silly vacuum-fs quitting because other entries in C:\Users\Julie\Dropbox\vstock\StockTrade\node_modules
